<?xml version="1.0" encoding="UTF-8"?>
<testng-results ignored="0" total="1" passed="1" failed="0" skipped="0">
  <reporter-output>
    <line>
      <![CDATA[Open browser]]>
    </line>
    <line>
      <![CDATA[login to browser]]>
    </line>
    <line>
      <![CDATA[addToCart has been passed]]>
    </line>
    <line>
      <![CDATA[logout from browser]]>
    </line>
    <line>
      <![CDATA[close browser]]>
    </line>
  </reporter-output>
  <suite started-at="2025-11-28T19:22:18 IST" name="Default suite" finished-at="2025-11-28T19:23:18 IST" duration-ms="60023">
    <groups>
    </groups>
    <test started-at="2025-11-28T19:22:18 IST" name="Default test" finished-at="2025-11-28T19:23:18 IST" duration-ms="60023">
      <class name="testscript.CartModule">
        <test-method is-config="true" signature="openBrowser()[pri:0, instance:testscript.CartModule@710636b0]" started-at="2025-11-28T19:22:18 IST" name="openBrowser" finished-at="2025-11-28T19:22:41 IST" duration-ms="22818" status="PASS">
          <reporter-output>
            <line>
              <![CDATA[Open browser]]>
            </line>
          </reporter-output>
        </test-method> <!-- openBrowser -->
        <test-method is-config="true" signature="login()[pri:0, instance:testscript.CartModule@710636b0]" started-at="2025-11-28T19:22:41 IST" name="login" finished-at="2025-11-28T19:22:45 IST" duration-ms="4214" status="PASS">
          <reporter-output>
            <line>
              <![CDATA[login to browser]]>
            </line>
          </reporter-output>
        </test-method> <!-- login -->
        <test-method signature="addToCart()[pri:0, instance:testscript.CartModule@710636b0]" started-at="2025-11-28T19:22:45 IST" name="addToCart" finished-at="2025-11-28T19:23:15 IST" duration-ms="30017" status="PASS">
          <reporter-output>
            <line>
              <![CDATA[addToCart has been passed]]>
            </line>
          </reporter-output>
        </test-method> <!-- addToCart -->
        <test-method is-config="true" signature="logout()[pri:0, instance:testscript.CartModule@710636b0]" started-at="2025-11-28T19:23:15 IST" name="logout" finished-at="2025-11-28T19:23:18 IST" duration-ms="2589" status="PASS">
          <reporter-output>
            <line>
              <![CDATA[logout from browser]]>
            </line>
          </reporter-output>
        </test-method> <!-- logout -->
        <test-method is-config="true" signature="closeBrowser()[pri:0, instance:testscript.CartModule@710636b0]" started-at="2025-11-28T19:23:18 IST" name="closeBrowser" finished-at="2025-11-28T19:23:18 IST" duration-ms="285" status="PASS">
          <reporter-output>
            <line>
              <![CDATA[close browser]]>
            </line>
          </reporter-output>
        </test-method> <!-- closeBrowser -->
      </class> <!-- testscript.CartModule -->
    </test> <!-- Default test -->
  </suite> <!-- Default suite -->
</testng-results>
