<?xml version="1.0" encoding="UTF-8"?>
<!-- Generated by org.testng.reporters.JUnitReportReporter -->
<testsuite hostname="Sahana" failures="0" tests="1" name="testscript.CartModule" time="36.820" errors="0" timestamp="2025-11-28T19:23:18 IST" skipped="0">
  <testcase classname="testscript.CartModule" name="addToCart" time="36.820">
    <system-out>
      <![CDATA[addToCart has been passed]]>
    </system-out>
  </testcase> <!-- addToCart -->
  <system-out>
    <![CDATA[Open browser
login to browser
addToCart has been passed
logout from browser
close browser]]>
  </system-out>
</testsuite> <!-- testscript.CartModule -->
